<?xml version="1.0" encoding="UTF-8"?>
<!-- Generated by org.testng.reporters.JUnitReportReporter -->
<testsuite hostname="NagarajNaik961" failures="0" tests="5" name="Demotestng.D08WriteExcelDataProvider" time="0.061" errors="0" timestamp="2024-12-13T12:10:17 IST" skipped="0">
  <testcase classname="Demotestng.D08WriteExcelDataProvider" name="Createlogin" time="0.011"/>
  <system-out/>
  <testcase classname="Demotestng.D08WriteExcelDataProvider" name="Createlogin" time="0.013"/>
  <system-out/>
  <testcase classname="Demotestng.D08WriteExcelDataProvider" name="Createlogin" time="0.012"/>
  <system-out/>
  <testcase classname="Demotestng.D08WriteExcelDataProvider" name="Createlogin" time="0.008"/>
  <system-out/>
  <testcase classname="Demotestng.D08WriteExcelDataProvider" name="Createlogin" time="0.017"/>
  <system-out/>
</testsuite> <!-- Demotestng.D08WriteExcelDataProvider -->
