<?xml version="1.0" encoding="UTF-8"?>
<!-- Generated by org.testng.reporters.JUnitReportReporter -->
<testsuite hostname="NagarajNaik961" failures="0" tests="1" name="staragileAssignment.AS04Registraionformclient" time="21.940" errors="0" timestamp="2024-12-23T17:01:36 IST" skipped="0">
  <testcase classname="staragileAssignment.AS04Registraionformclient" name="registration" time="21.940"/>
  <system-out/>
</testsuite> <!-- staragileAssignment.AS04Registraionformclient -->
