<?xml version="1.0" encoding="UTF-8"?>
<!-- Generated by org.testng.reporters.JUnitReportReporter -->
<testsuite hostname="NagarajNaik961" failures="0" tests="1" name="Demotestng.D08WriteOnExcel" time="0.110" errors="0" timestamp="2024-12-25T11:32:16 IST" skipped="0">
  <testcase classname="Demotestng.D08WriteOnExcel" name="writeTest" time="0.110"/>
  <system-out/>
</testsuite> <!-- Demotestng.D08WriteOnExcel -->
