<?xml version="1.0" encoding="UTF-8"?>
<!-- Generated by org.testng.reporters.JUnitReportReporter -->
<testsuite hostname="NagarajNaik961" failures="0" tests="1" name="Demotestng.Clientclass" time="0.656" errors="0" timestamp="2024-12-11T02:05:59 IST" skipped="0">
  <testcase classname="Demotestng.Clientclass" name="CallingMethods" time="0.656"/>
  <system-out/>
</testsuite> <!-- Demotestng.Clientclass -->
