<?xml version="1.0" encoding="UTF-8"?>
<!-- Generated by org.testng.reporters.JUnitReportReporter -->
<testsuite hostname="NagarajNaik961" failures="0" tests="4" name="staragileAssignment.AS02Loginpageclient" time="79.737" errors="0" timestamp="2024-12-21T16:56:35 IST" skipped="0">
  <testcase classname="staragileAssignment.AS02Loginpageclient" name="validLoginTest" time="16.576"/>
  <system-out/>
  <testcase classname="staragileAssignment.AS02Loginpageclient" name="invalidLoginTest" time="20.056"/>
  <system-out/>
  <testcase classname="staragileAssignment.AS02Loginpageclient" name="invalidLoginTest" time="21.362"/>
  <system-out/>
  <testcase classname="staragileAssignment.AS02Loginpageclient" name="invalidLoginTest" time="21.743"/>
  <system-out/>
</testsuite> <!-- staragileAssignment.AS02Loginpageclient -->
