<?xml version="1.0" encoding="UTF-8"?>
<!-- Generated by org.testng.reporters.JUnitReportReporter -->
<testsuite hostname="NagarajNaik961" failures="0" tests="4" name="Demotestng.D1impgoogle" time="49.621" errors="0" timestamp="2024-12-20T23:55:04 IST" skipped="0">
  <testcase classname="Demotestng.D1impgoogle" name="Gmail" time="19.757"/>
  <system-out/>
  <testcase classname="Demotestng.D1impgoogle" name="Image" time="3.615"/>
  <system-out/>
  <testcase classname="Demotestng.D1impgoogle" name="Adv" time="16.034"/>
  <system-out/>
  <testcase classname="Demotestng.D1impgoogle" name="bussiness" time="10.215"/>
  <system-out/>
</testsuite> <!-- Demotestng.D1impgoogle -->
