<?xml version="1.0" encoding="UTF-8"?>
<!-- Generated by org.testng.reporters.JUnitReportReporter -->
<testsuite hostname="NagarajNaik961" failures="0" tests="2" name="Demotestng.D08ReadExcel" time="0.027" errors="0" timestamp="2024-12-14T02:24:16 IST" skipped="1">
  <testcase classname="Demotestng.D08ReadExcel" name="Readalldata" time="0.027"/>
  <system-out/>
  <testcase classname="Demotestng.D08ReadExcel" name="readData">
    <skipped/>
  </testcase> <!-- readData -->
  <system-out/>
</testsuite> <!-- Demotestng.D08ReadExcel -->
