<?xml version="1.0" encoding="UTF-8"?>
<!-- Generated by org.testng.reporters.JUnitReportReporter -->
<testsuite hostname="NagarajNaik961" failures="0" tests="1" name="staragileAssignment.AS03Registraionformclient" time="39.169" errors="0" timestamp="2024-12-23T01:11:32 IST" skipped="0">
  <testcase classname="staragileAssignment.AS03Registraionformclient" name="registration" time="39.169"/>
  <system-out/>
</testsuite> <!-- staragileAssignment.AS03Registraionformclient -->
